<?xml version="1.0" encoding="UTF-8"?>
<testsuite name="Regression Test"
           tests="5"
           failures="0"
           errors="0"
           skipped="0"
           time="54.327">
  <properties />
  
  
            <testcase name="bankManagerShouldAddCustomerSuccessfully" time="2.386" classname="com.bank.testsuite.BankTest" />
                <testcase name="customerShouldDepositMoneySuccessfully" time="11.065" classname="com.bank.testsuite.BankTest" />
                <testcase name="customerShouldWithdrawMoneySuccessfully" time="21.622" classname="com.bank.testsuite.BankTest" />
                <testcase name="customerShouldLoginAndLogoutSuceessfully" time="12.857" classname="com.bank.testsuite.BankTest" />
                <testcase name="bankManagerShouldOpenAccountSuccessfully" time="6.397" classname="com.bank.testsuite.BankTest" />
      
</testsuite>
